<?xml version="1.0" encoding="UTF-8"?>
<!-- Generated by org.testng.reporters.JUnitReportReporter -->
<testsuite skipped="0" hostname="LNAR-PC0TYAT6" name="HomePageTests" tests="5" failures="0" timestamp="25 Jul 2019 02:39:52 GMT" time="265.709" errors="0">
  <testcase name="TC_001" time="54.352" classname="HomePageTests"/>
  <testcase name="TC_001" time="52.988" classname="HomePageTests"/>
  <testcase name="TC_001" time="52.867" classname="HomePageTests"/>
  <testcase name="TC_001" time="52.724" classname="HomePageTests"/>
  <testcase name="TC_001" time="52.778" classname="HomePageTests"/>
</testsuite> <!-- HomePageTests -->
